<?xml version="1.0" encoding="UTF-8"?>
<!-- Generated by org.testng.reporters.JUnitReportReporter -->
<testsuite skipped="0" hostname="Richa-PC" name="com.mystore.qa.testcases.HomePageTest" tests="2" failures="0" timestamp="16 Aug 2020 11:11:11 GMT" time="52.225" errors="0">
  <testcase name="validateItemsCount" time="28.970" classname="com.mystore.qa.testcases.HomePageTest"/>
  <testcase name="validateItemsCount" time="23.255" classname="com.mystore.qa.testcases.HomePageTest"/>
</testsuite> <!-- com.mystore.qa.testcases.HomePageTest -->
