<?xml version="1.0" encoding="UTF-8"?>
<!-- Generated by org.testng.reporters.JUnitReportReporter -->
<testsuite skipped="0" hostname="Richa-PC" name="com.mystore.qa.testcases.HomePageTest" tests="2" failures="0" timestamp="23 Aug 2020 13:03:17 GMT" time="63.362" errors="0">
  <testcase name="validateItemsCount" time="25.503" classname="com.mystore.qa.testcases.HomePageTest"/>
  <testcase name="validateItemsCount" time="37.859" classname="com.mystore.qa.testcases.HomePageTest"/>
</testsuite> <!-- com.mystore.qa.testcases.HomePageTest -->
