<?xml version="1.0" encoding="UTF-8"?>
<!-- Generated by org.testng.reporters.JUnitReportReporter -->
<testsuite skipped="0" hostname="Richa-PC" name="com.mystore.qa.testcases.LoginPageTest" tests="1" failures="0" timestamp="14 Aug 2020 19:41:33 GMT" time="21.114" errors="0">
  <testcase name="loginTest" time="21.114" classname="com.mystore.qa.testcases.LoginPageTest"/>
</testsuite> <!-- com.mystore.qa.testcases.LoginPageTest -->
