<?xml version="1.0" encoding="UTF-8"?>
<!-- Generated by org.testng.reporters.JUnitReportReporter -->
<testsuite skipped="0" hostname="Richa-PC" name="com.mystore.qa.testcases.HomePageTest" tests="2" failures="0" timestamp="17 Aug 2020 20:48:41 GMT" time="231.786" errors="0">
  <testcase name="validateItemsCount" time="148.948" classname="com.mystore.qa.testcases.HomePageTest"/>
  <testcase name="validateItemsCount" time="82.838" classname="com.mystore.qa.testcases.HomePageTest"/>
</testsuite> <!-- com.mystore.qa.testcases.HomePageTest -->
